<?xml version="1.0" encoding="UTF-8"?>
<testsuite xmlns:xsi="http://www.w3.org/2001/XMLSchema-instance" xsi:schemaLocation="https://maven.apache.org/surefire/maven-surefire-plugin/xsd/surefire-test-report.xsd" name="ues.edu.sv.tpi135_ingenieria.mantenimiento.LectorTest" time="0.488" tests="4" errors="0" skipped="0" failures="2">
  <properties>
[...]
</properties>
  <testcase name="testVerificarDirectorio" classname="ues.edu.sv.tpi135_ingenieria.mantenimiento.LectorTest" time="0.09"/>
  <testcase name="testVerificarArchivo" classname="ues.edu.sv.tpi135_ingenieria.mantenimiento.LectorTest" time="0.005"/>
  <testcase name="testParser" classname="ues.edu.sv.tpi135_ingenieria.mantenimiento.LectorTest" time="0.313">
    <failure message="expected:&lt;[[1, HP1, 12040.3334.080.0017, Lenovo, MJVZLKF, ThinkCentre M82, Lic Rina de Zometa, Windows, 7.0 Professional SP 64 bits, office pirata], [2, HP2, 12040.3334.080.0008, Dell, 551LHY, Vostron 220, Lic Rina de Zometa, Windows, 7.0 Professional SP 64 bits, Office Original], [1, HP2, 12040.3334.080.0008, Dell, 551LHY, Vostron 220, Lic Rina de Zometa, Windows, 7.0 Professional SP 64 bits, Office Original]]&gt; but was:&lt;[[1, HP2, 12040.3334.080.0008, Dell, 551LHY, Vostron 220, Lic Rina de Zometa, Windows, 7.0 Professional SP 64 bits, Office Original], [1, HP1, 12040.3334.080.0017, Lenovo, MJVZLKF, ThinkCentre M82, Lic Rina de Zometa, Windows, 7.0 Professional SP 64 bits, office pirata], [2, HP2, 12040.3334.080.0008, Dell, 551LHY, Vostron 220, Lic Rina de Zometa, Windows, 7.0 Professional SP 64 bits, Office Original]]&gt;" type="java.lang.AssertionError">java.lang.AssertionError: expected:&lt;[[1, HP1, 12040.3334.080.0017, Lenovo, MJVZLKF, ThinkCentre M82, Lic Rina de Zometa, Windows, 7.0 Professional SP 64 bits, office pirata], [2, HP2, 12040.3334.080.0008, Dell, 551LHY, Vostron 220, Lic Rina de Zometa, Windows, 7.0 Professional SP 64 bits, Office Original], [1, HP2, 12040.3334.080.0008, Dell, 551LHY, Vostron 220, Lic Rina de Zometa, Windows, 7.0 Professional SP 64 bits, Office Original]]&gt; but was:&lt;[[1, HP2, 12040.3334.080.0008, Dell, 551LHY, Vostron 220, Lic Rina de Zometa, Windows, 7.0 Professional SP 64 bits, Office Original], [1, HP1, 12040.3334.080.0017, Lenovo, MJVZLKF, ThinkCentre M82, Lic Rina de Zometa, Windows, 7.0 Professional SP 64 bits, office pirata], [2, HP2, 12040.3334.080.0008, Dell, 551LHY, Vostron 220, Lic Rina de Zometa, Windows, 7.0 Professional SP 64 bits, Office Original]]&gt;	at ues.edu.sv.tpi135_ingenieria.mantenimiento.LectorTest.testParser(LectorTest.java:160)</failure>
    <system-out><![CDATA[Parser
/tmp/junit8051024385738378518/prueba2.csv
/tmp/junit8051024385738378518/prueba.csv
[1, HP2, 12040.3334.080.0008, Dell, 551LHY, Vostron 220, Lic Rina de Zometa, Windows, 7.0 Professional SP 64 bits, Office Original]
[1, HP1, 12040.3334.080.0017, Lenovo, MJVZLKF, ThinkCentre M82, Lic Rina de Zometa, Windows, 7.0 Professional SP 64 bits, office pirata]
[2, HP2, 12040.3334.080.0008, Dell, 551LHY, Vostron 220, Lic Rina de Zometa, Windows, 7.0 Professional SP 64 bits, Office Original]
]]></system-out>
  </testcase>
  <testcase name="testObtenerArchivos" classname="ues.edu.sv.tpi135_ingenieria.mantenimiento.LectorTest" time="0.01">
    <failure message="expected:&lt;[/tmp/junit4704911528988230280/prueba.csv, /tmp/junit4704911528988230280/prueba2.csv]&gt; but was:&lt;[/tmp/junit4704911528988230280/prueba2.csv, /tmp/junit4704911528988230280/prueba.csv]&gt;" type="java.lang.AssertionError"><![CDATA[java.lang.AssertionError: expected:<[/tmp/junit4704911528988230280/prueba.csv, /tmp/junit4704911528988230280/prueba2.csv]> but was:<[/tmp/junit4704911528988230280/prueba2.csv, /tmp/junit4704911528988230280/prueba.csv]>
	at ues.edu.sv.tpi135_ingenieria.mantenimiento.LectorTest.testObtenerArchivos(LectorTest.java:124)
]]></failure>
    <system-out><![CDATA[obtenerArchivos
/tmp/junit4704911528988230280/prueba2.csv
/tmp/junit4704911528988230280/prueba.csv
]]></system-out>
  </testcase>
</testsuite>