<?xml version="1.0" encoding="UTF-8"?>
<testsuite xmlns:xsi="http://www.w3.org/2001/XMLSchema-instance" xsi:schemaLocation="https://maven.apache.org/surefire/maven-surefire-plugin/xsd/surefire-test-report.xsd" name="ues.edu.sv.tpi135_ingenieria.mantenimiento.LectorTest" time="0.488" tests="4" errors="0" skipped="0" failures="2">
  <properties>
    <property name="java.runtime.name" value="Java(TM) SE Runtime Environment"/>
    <property name="sun.boot.library.path" value="/usr/lib/jvm/jdk1.8.0_162/jre/lib/amd64"/>
    <property name="java.vm.version" value="25.162-b12"/>
    <property name="java.vm.vendor" value="Oracle Corporation"/>
    <property name="java.vendor.url" value="http://java.oracle.com/"/>
    <property name="path.separator" value=":"/>
    <property name="guice.disable.misplaced.annotation.check" value="true"/>
    <property name="java.vm.name" value="Java HotSpot(TM) 64-Bit Server VM"/>
    <property name="file.encoding.pkg" value="sun.io"/>
    <property name="user.country" value="SV"/>
    <property name="sun.java.launcher" value="SUN_STANDARD"/>
    <property name="sun.os.patch.level" value="unknown"/>
    <property name="java.vm.specification.name" value="Java Virtual Machine Specification"/>
    <property name="user.dir" value="/home/esperanza/NetBeansProjects/mantenimiento/TPI2018/mantenimiento"/>
    <property name="java.runtime.version" value="1.8.0_162-b12"/>
    <property name="java.awt.graphicsenv" value="sun.awt.X11GraphicsEnvironment"/>
    <property name="java.endorsed.dirs" value="/usr/lib/jvm/jdk1.8.0_162/jre/lib/endorsed"/>
    <property name="os.arch" value="amd64"/>
    <property name="java.io.tmpdir" value="/tmp"/>
    <property name="line.separator" value="&#10;"/>
    <property name="java.vm.specification.vendor" value="Oracle Corporation"/>
    <property name="os.name" value="Linux"/>
    <property name="maven.ext.class.path" value="/home/esperanza/netbeans-8.2/java/maven-nblib/netbeans-eventspy.jar"/>
    <property name="classworlds.conf" value="/home/esperanza/netbeans-8.2/java/maven/bin/m2.conf"/>
    <property name="sun.jnu.encoding" value="UTF-8"/>
    <property name="java.library.path" value="/usr/lib/jvm/jdk1.8.0_162/jre/lib/amd64:/usr/lib/jvm/jdk1.8.0_162/jre/lib/i386::/usr/java/packages/lib/amd64:/usr/lib64:/lib64:/lib:/usr/lib"/>
    <property name="java.specification.name" value="Java Platform API Specification"/>
    <property name="java.class.version" value="52.0"/>
    <property name="sun.management.compiler" value="HotSpot 64-Bit Tiered Compilers"/>
    <property name="os.version" value="4.13.0-1-amd64"/>
    <property name="user.home" value="/home/esperanza"/>
    <property name="user.timezone" value="America/El_Salvador"/>
    <property name="java.awt.printerjob" value="sun.print.PSPrinterJob"/>
    <property name="file.encoding" value="UTF-8"/>
    <property name="java.specification.version" value="1.8"/>
    <property name="user.name" value="esperanza"/>
    <property name="java.class.path" value="/home/esperanza/netbeans-8.2/java/maven/boot/plexus-classworlds-2.4.jar"/>
    <property name="java.vm.specification.version" value="1.8"/>
    <property name="sun.arch.data.model" value="64"/>
    <property name="java.home" value="/usr/lib/jvm/jdk1.8.0_162/jre"/>
    <property name="sun.java.command" value="org.codehaus.plexus.classworlds.launcher.Launcher -Dmaven.ext.class.path=/home/esperanza/netbeans-8.2/java/maven-nblib/netbeans-eventspy.jar clean install"/>
    <property name="java.specification.vendor" value="Oracle Corporation"/>
    <property name="user.language" value="es"/>
    <property name="awt.toolkit" value="sun.awt.X11.XToolkit"/>
    <property name="java.vm.info" value="mixed mode"/>
    <property name="java.version" value="1.8.0_162"/>
    <property name="java.ext.dirs" value="/usr/lib/jvm/jdk1.8.0_162/jre/lib/ext:/usr/java/packages/lib/ext"/>
    <property name="securerandom.source" value="file:/dev/./urandom"/>
    <property name="sun.boot.class.path" value="/usr/lib/jvm/jdk1.8.0_162/jre/lib/resources.jar:/usr/lib/jvm/jdk1.8.0_162/jre/lib/rt.jar:/usr/lib/jvm/jdk1.8.0_162/jre/lib/sunrsasign.jar:/usr/lib/jvm/jdk1.8.0_162/jre/lib/jsse.jar:/usr/lib/jvm/jdk1.8.0_162/jre/lib/jce.jar:/usr/lib/jvm/jdk1.8.0_162/jre/lib/charsets.jar:/usr/lib/jvm/jdk1.8.0_162/jre/lib/jfr.jar:/usr/lib/jvm/jdk1.8.0_162/jre/classes"/>
    <property name="java.vendor" value="Oracle Corporation"/>
    <property name="maven.home" value="/home/esperanza/netbeans-8.2/java/maven"/>
    <property name="file.separator" value="/"/>
    <property name="java.vendor.url.bug" value="http://bugreport.sun.com/bugreport/"/>
    <property name="sun.cpu.endian" value="little"/>
    <property name="sun.io.unicode.encoding" value="UnicodeLittle"/>
    <property name="sun.cpu.isalist" value=""/>
  </properties>
  <testcase name="testVerificarDirectorio" classname="ues.edu.sv.tpi135_ingenieria.mantenimiento.LectorTest" time="0.09"/>
  <testcase name="testVerificarArchivo" classname="ues.edu.sv.tpi135_ingenieria.mantenimiento.LectorTest" time="0.005"/>
  <testcase name="testParser" classname="ues.edu.sv.tpi135_ingenieria.mantenimiento.LectorTest" time="0.313">
    <failure message="expected:&lt;[[1, HP1, 12040.3334.080.0017, Lenovo, MJVZLKF, ThinkCentre M82, Lic Rina de Zometa, Windows, 7.0 Professional SP 64 bits, office pirata], [2, HP2, 12040.3334.080.0008, Dell, 551LHY, Vostron 220, Lic Rina de Zometa, Windows, 7.0 Professional SP 64 bits, Office Original], [1, HP2, 12040.3334.080.0008, Dell, 551LHY, Vostron 220, Lic Rina de Zometa, Windows, 7.0 Professional SP 64 bits, Office Original]]&gt; but was:&lt;[[1, HP2, 12040.3334.080.0008, Dell, 551LHY, Vostron 220, Lic Rina de Zometa, Windows, 7.0 Professional SP 64 bits, Office Original], [1, HP1, 12040.3334.080.0017, Lenovo, MJVZLKF, ThinkCentre M82, Lic Rina de Zometa, Windows, 7.0 Professional SP 64 bits, office pirata], [2, HP2, 12040.3334.080.0008, Dell, 551LHY, Vostron 220, Lic Rina de Zometa, Windows, 7.0 Professional SP 64 bits, Office Original]]&gt;" type="java.lang.AssertionError">java.lang.AssertionError: expected:&lt;[[1, HP1, 12040.3334.080.0017, Lenovo, MJVZLKF, ThinkCentre M82, Lic Rina de Zometa, Windows, 7.0 Professional SP 64 bits, office pirata], [2, HP2, 12040.3334.080.0008, Dell, 551LHY, Vostron 220, Lic Rina de Zometa, Windows, 7.0 Professional SP 64 bits, Office Original], [1, HP2, 12040.3334.080.0008, Dell, 551LHY, Vostron 220, Lic Rina de Zometa, Windows, 7.0 Professional SP 64 bits, Office Original]]&gt; but was:&lt;[[1, HP2, 12040.3334.080.0008, Dell, 551LHY, Vostron 220, Lic Rina de Zometa, Windows, 7.0 Professional SP 64 bits, Office Original], [1, HP1, 12040.3334.080.0017, Lenovo, MJVZLKF, ThinkCentre M82, Lic Rina de Zometa, Windows, 7.0 Professional SP 64 bits, office pirata], [2, HP2, 12040.3334.080.0008, Dell, 551LHY, Vostron 220, Lic Rina de Zometa, Windows, 7.0 Professional SP 64 bits, Office Original]]&gt;	at ues.edu.sv.tpi135_ingenieria.mantenimiento.LectorTest.testParser(LectorTest.java:160)</failure>
    <system-out><![CDATA[Parser
/tmp/junit8051024385738378518/prueba2.csv
/tmp/junit8051024385738378518/prueba.csv
[1, HP2, 12040.3334.080.0008, Dell, 551LHY, Vostron 220, Lic Rina de Zometa, Windows, 7.0 Professional SP 64 bits, Office Original]
[1, HP1, 12040.3334.080.0017, Lenovo, MJVZLKF, ThinkCentre M82, Lic Rina de Zometa, Windows, 7.0 Professional SP 64 bits, office pirata]
[2, HP2, 12040.3334.080.0008, Dell, 551LHY, Vostron 220, Lic Rina de Zometa, Windows, 7.0 Professional SP 64 bits, Office Original]
]]></system-out>
  </testcase>
  <testcase name="testObtenerArchivos" classname="ues.edu.sv.tpi135_ingenieria.mantenimiento.LectorTest" time="0.01">
    <failure message="expected:&lt;[/tmp/junit4704911528988230280/prueba.csv, /tmp/junit4704911528988230280/prueba2.csv]&gt; but was:&lt;[/tmp/junit4704911528988230280/prueba2.csv, /tmp/junit4704911528988230280/prueba.csv]&gt;" type="java.lang.AssertionError"><![CDATA[java.lang.AssertionError: expected:<[/tmp/junit4704911528988230280/prueba.csv, /tmp/junit4704911528988230280/prueba2.csv]> but was:<[/tmp/junit4704911528988230280/prueba2.csv, /tmp/junit4704911528988230280/prueba.csv]>
	at ues.edu.sv.tpi135_ingenieria.mantenimiento.LectorTest.testObtenerArchivos(LectorTest.java:124)
]]></failure>
    <system-out><![CDATA[obtenerArchivos
/tmp/junit4704911528988230280/prueba2.csv
/tmp/junit4704911528988230280/prueba.csv
]]></system-out>
  </testcase>
</testsuite>