-------------------------------------------------------------------------------
Test set: ues.edu.sv.tpi135_ingenieria.mantenimiento.LectorTest
-------------------------------------------------------------------------------
Tests run: 5, Failures: 1, Errors: 0, Skipped: 0, Time elapsed: 0.308 sec <<< FAILURE! - in ues.edu.sv.tpi135_ingenieria.mantenimiento.LectorTest
testObtenerArchivos(ues.edu.sv.tpi135_ingenieria.mantenimiento.LectorTest)  Time elapsed: 0.159 sec  <<< FAILURE!
java.lang.AssertionError: expected:<[src/recursos/texto_prueba.csv, src/recursos/texto.csv]> but was:<[/home/kevin/NetBeansProjects/TPI2018/mantenimiento/src/recursos/texto_prueba.csv, /home/kevin/NetBeansProjects/TPI2018/mantenimiento/src/recursos/texto.csv]>
	at ues.edu.sv.tpi135_ingenieria.mantenimiento.LectorTest.testObtenerArchivos(LectorTest.java:116)

